c:\users\bryan\documents\visual studio 2013\projects\dungeoncrawlercpp1\dungeoncrawlercpp1\debug\vc120.pdb
c:\users\bryan\documents\visual studio 2013\projects\dungeoncrawlercpp1\dungeoncrawlercpp1\debug\vc120.idb
c:\users\bryan\documents\visual studio 2013\projects\dungeoncrawlercpp1\dungeoncrawlercpp1\debug\boss.obj
c:\users\bryan\documents\visual studio 2013\projects\dungeoncrawlercpp1\dungeoncrawlercpp1\debug\enemy.obj
c:\users\bryan\documents\visual studio 2013\projects\dungeoncrawlercpp1\dungeoncrawlercpp1\debug\game.obj
c:\users\bryan\documents\visual studio 2013\projects\dungeoncrawlercpp1\dungeoncrawlercpp1\debug\hero.obj
c:\users\bryan\documents\visual studio 2013\projects\dungeoncrawlercpp1\dungeoncrawlercpp1\debug\item.obj
c:\users\bryan\documents\visual studio 2013\projects\dungeoncrawlercpp1\dungeoncrawlercpp1\debug\main.obj
c:\users\bryan\documents\visual studio 2013\projects\dungeoncrawlercpp1\dungeoncrawlercpp1\debug\room.obj
c:\users\bryan\documents\visual studio 2013\projects\dungeoncrawlercpp1\dungeoncrawlercpp1\debug\trap.obj
c:\users\bryan\documents\visual studio 2013\projects\dungeoncrawlercpp1\dungeoncrawlercpp1\debug\unit.obj
c:\users\bryan\documents\visual studio 2013\projects\dungeoncrawlercpp1\dungeoncrawlercpp1\debug\utilities.obj
c:\users\bryan\documents\visual studio 2013\projects\dungeoncrawlercpp1\debug\dungeoncrawlercpp1.ilk
c:\users\bryan\documents\visual studio 2013\projects\dungeoncrawlercpp1\debug\dungeoncrawlercpp1.exe
c:\users\bryan\documents\visual studio 2013\projects\dungeoncrawlercpp1\debug\dungeoncrawlercpp1.pdb
c:\users\bryan\documents\visual studio 2013\projects\dungeoncrawlercpp1\dungeoncrawlercpp1\debug\dungeonc.e2f742d0.tlog\cl.command.1.tlog
c:\users\bryan\documents\visual studio 2013\projects\dungeoncrawlercpp1\dungeoncrawlercpp1\debug\dungeonc.e2f742d0.tlog\cl.read.1.tlog
c:\users\bryan\documents\visual studio 2013\projects\dungeoncrawlercpp1\dungeoncrawlercpp1\debug\dungeonc.e2f742d0.tlog\cl.write.1.tlog
c:\users\bryan\documents\visual studio 2013\projects\dungeoncrawlercpp1\dungeoncrawlercpp1\debug\dungeonc.e2f742d0.tlog\link.command.1.tlog
c:\users\bryan\documents\visual studio 2013\projects\dungeoncrawlercpp1\dungeoncrawlercpp1\debug\dungeonc.e2f742d0.tlog\link.read.1.tlog
c:\users\bryan\documents\visual studio 2013\projects\dungeoncrawlercpp1\dungeoncrawlercpp1\debug\dungeonc.e2f742d0.tlog\link.write.1.tlog
